\BOOKMARK [0][-]{chapter.1}{\376\377\000M\000a\000i\000n\000\040\000P\000a\000g\000e}{}% 1
\BOOKMARK [0][-]{chapter.2}{\376\377\000H\000i\000e\000r\000a\000r\000c\000h\000i\000c\000a\000l\000\040\000I\000n\000d\000e\000x}{}% 2
\BOOKMARK [1][-]{section.2.1}{\376\377\000C\000l\000a\000s\000s\000\040\000H\000i\000e\000r\000a\000r\000c\000h\000y}{chapter.2}% 3
\BOOKMARK [0][-]{chapter.3}{\376\377\000C\000l\000a\000s\000s\000\040\000I\000n\000d\000e\000x}{}% 4
\BOOKMARK [1][-]{section.3.1}{\376\377\000C\000l\000a\000s\000s\000\040\000L\000i\000s\000t}{chapter.3}% 5
\BOOKMARK [0][-]{chapter.4}{\376\377\000F\000i\000l\000e\000\040\000I\000n\000d\000e\000x}{}% 6
\BOOKMARK [1][-]{section.4.1}{\376\377\000F\000i\000l\000e\000\040\000L\000i\000s\000t}{chapter.4}% 7
\BOOKMARK [0][-]{chapter.5}{\376\377\000C\000l\000a\000s\000s\000\040\000D\000o\000c\000u\000m\000e\000n\000t\000a\000t\000i\000o\000n}{}% 8
\BOOKMARK [1][-]{section.5.1}{\376\377\000C\000h\000a\000i\000n\000E\000x\000p\000e\000r\000i\000m\000e\000n\000t\000\040\000C\000l\000a\000s\000s\000\040\000R\000e\000f\000e\000r\000e\000n\000c\000e}{chapter.5}% 9
\BOOKMARK [2][-]{subsection.5.1.1}{\376\377\000M\000e\000m\000b\000e\000r\000\040\000D\000a\000t\000a\000\040\000D\000o\000c\000u\000m\000e\000n\000t\000a\000t\000i\000o\000n}{section.5.1}% 10
\BOOKMARK [3][-]{subsubsection.5.1.1.1}{\376\377\000c\000o\000n\000t\000r\000a\000r\000i\000a\000n\000M\000a\000x}{subsection.5.1.1}% 11
\BOOKMARK [3][-]{subsubsection.5.1.1.2}{\376\377\000c\000o\000n\000t\000r\000a\000r\000i\000a\000n\000M\000i\000n}{subsection.5.1.1}% 12
\BOOKMARK [3][-]{subsubsection.5.1.1.3}{\376\377\000c\000o\000n\000t\000r\000a\000r\000i\000a\000n\000S\000t\000e\000p}{subsection.5.1.1}% 13
\BOOKMARK [3][-]{subsubsection.5.1.1.4}{\376\377\000d\000e\000l\000a\000y\000M\000a\000x}{subsection.5.1.1}% 14
\BOOKMARK [3][-]{subsubsection.5.1.1.5}{\376\377\000d\000e\000l\000a\000y\000M\000i\000n}{subsection.5.1.1}% 15
\BOOKMARK [3][-]{subsubsection.5.1.1.6}{\376\377\000d\000e\000l\000a\000y\000S\000t\000e\000p}{subsection.5.1.1}% 16
\BOOKMARK [3][-]{subsubsection.5.1.1.7}{\376\377\000i\000d}{subsection.5.1.1}% 17
\BOOKMARK [3][-]{subsubsection.5.1.1.8}{\376\377\000p\000o\000s\000t\000M\000e\000a\000s\000u\000r\000e\000m\000e\000n\000t\000s}{subsection.5.1.1}% 18
\BOOKMARK [3][-]{subsubsection.5.1.1.9}{\376\377\000p\000r\000e\000M\000e\000a\000s\000u\000r\000e\000m\000e\000n\000t\000s}{subsection.5.1.1}% 19
\BOOKMARK [3][-]{subsubsection.5.1.1.10}{\376\377\000t\000h\000r\000e\000s\000h\000o\000l\000d}{subsection.5.1.1}% 20
\BOOKMARK [3][-]{subsubsection.5.1.1.11}{\376\377\000t\000i\000m\000e\000M\000a\000x}{subsection.5.1.1}% 21
\BOOKMARK [3][-]{subsubsection.5.1.1.12}{\376\377\000t\000i\000m\000e\000M\000i\000n}{subsection.5.1.1}% 22
\BOOKMARK [3][-]{subsubsection.5.1.1.13}{\376\377\000t\000i\000m\000e\000S\000t\000e\000p}{subsection.5.1.1}% 23
\BOOKMARK [3][-]{subsubsection.5.1.1.14}{\376\377\000u\000p\000d\000a\000t\000e}{subsection.5.1.1}% 24
\BOOKMARK [1][-]{section.5.2}{\376\377\000C\000h\000a\000i\000n\000V\000o\000t\000e\000r\000G\000r\000a\000p\000h\000\040\000C\000l\000a\000s\000s\000\040\000R\000e\000f\000e\000r\000e\000n\000c\000e}{chapter.5}% 25
\BOOKMARK [1][-]{section.5.3}{\376\377\000C\000o\000m\000p\000l\000e\000t\000e\000V\000o\000t\000e\000r\000G\000r\000a\000p\000h\000\040\000C\000l\000a\000s\000s\000\040\000R\000e\000f\000e\000r\000e\000n\000c\000e}{chapter.5}% 26
\BOOKMARK [2][-]{subsection.5.3.1}{\376\377\000D\000e\000t\000a\000i\000l\000e\000d\000\040\000D\000e\000s\000c\000r\000i\000p\000t\000i\000o\000n}{section.5.3}% 27
\BOOKMARK [2][-]{subsection.5.3.2}{\376\377\000C\000o\000n\000s\000t\000r\000u\000c\000t\000o\000r\000\040\000\046\000\040\000D\000e\000s\000t\000r\000u\000c\000t\000o\000r\000\040\000D\000o\000c\000u\000m\000e\000n\000t\000a\000t\000i\000o\000n}{section.5.3}% 28
\BOOKMARK [3][-]{subsubsection.5.3.2.1}{\376\377\000C\000o\000m\000p\000l\000e\000t\000e\000V\000o\000t\000e\000r\000G\000r\000a\000p\000h}{subsection.5.3.2}% 29
\BOOKMARK [1][-]{section.5.4}{\376\377\000D\000a\000t\000a\000P\000o\000i\000n\000t\000S\000t\000r\000u\000c\000t\000\040\000S\000t\000r\000u\000c\000t\000\040\000R\000e\000f\000e\000r\000e\000n\000c\000e}{chapter.5}% 30
\BOOKMARK [2][-]{subsection.5.4.1}{\376\377\000D\000e\000t\000a\000i\000l\000e\000d\000\040\000D\000e\000s\000c\000r\000i\000p\000t\000i\000o\000n}{section.5.4}% 31
\BOOKMARK [1][-]{section.5.5}{\376\377\000E\000m\000p\000t\000y\000V\000o\000t\000e\000r\000M\000e\000a\000s\000u\000r\000e\000m\000e\000n\000t\000\040\000C\000l\000a\000s\000s\000\040\000R\000e\000f\000e\000r\000e\000n\000c\000e}{chapter.5}% 32
\BOOKMARK [2][-]{subsection.5.5.1}{\376\377\000D\000e\000t\000a\000i\000l\000e\000d\000\040\000D\000e\000s\000c\000r\000i\000p\000t\000i\000o\000n}{section.5.5}% 33
\BOOKMARK [2][-]{subsection.5.5.2}{\376\377\000C\000o\000n\000s\000t\000r\000u\000c\000t\000o\000r\000\040\000\046\000\040\000D\000e\000s\000t\000r\000u\000c\000t\000o\000r\000\040\000D\000o\000c\000u\000m\000e\000n\000t\000a\000t\000i\000o\000n}{section.5.5}% 34
\BOOKMARK [3][-]{subsubsection.5.5.2.1}{\376\377\000E\000m\000p\000t\000y\000V\000o\000t\000e\000r\000M\000e\000a\000s\000u\000r\000e\000m\000e\000n\000t}{subsection.5.5.2}% 35
\BOOKMARK [1][-]{section.5.6}{\376\377\000M\000a\000c\000r\000o\000V\000o\000t\000e\000r\000M\000e\000a\000s\000u\000r\000e\000m\000e\000n\000t\000\040\000C\000l\000a\000s\000s\000\040\000R\000e\000f\000e\000r\000e\000n\000c\000e}{chapter.5}% 36
\BOOKMARK [2][-]{subsection.5.6.1}{\376\377\000D\000e\000t\000a\000i\000l\000e\000d\000\040\000D\000e\000s\000c\000r\000i\000p\000t\000i\000o\000n}{section.5.6}% 37
\BOOKMARK [2][-]{subsection.5.6.2}{\376\377\000C\000o\000n\000s\000t\000r\000u\000c\000t\000o\000r\000\040\000\046\000\040\000D\000e\000s\000t\000r\000u\000c\000t\000o\000r\000\040\000D\000o\000c\000u\000m\000e\000n\000t\000a\000t\000i\000o\000n}{section.5.6}% 38
\BOOKMARK [3][-]{subsubsection.5.6.2.1}{\376\377\000M\000a\000c\000r\000o\000V\000o\000t\000e\000r\000M\000e\000a\000s\000u\000r\000e\000m\000e\000n\000t}{subsection.5.6.2}% 39
\BOOKMARK [1][-]{section.5.7}{\376\377\000M\000a\000r\000k\000o\000v\000D\000a\000t\000a\000S\000e\000t\000\040\000C\000l\000a\000s\000s\000\040\000R\000e\000f\000e\000r\000e\000n\000c\000e}{chapter.5}% 40
\BOOKMARK [1][-]{section.5.8}{\376\377\000M\000a\000r\000k\000o\000v\000P\000r\000o\000c\000e\000s\000s\000\040\000C\000l\000a\000s\000s\000\040\000R\000e\000f\000e\000r\000e\000n\000c\000e}{chapter.5}% 41
\BOOKMARK [2][-]{subsection.5.8.1}{\376\377\000D\000e\000t\000a\000i\000l\000e\000d\000\040\000D\000e\000s\000c\000r\000i\000p\000t\000i\000o\000n}{section.5.8}% 42
\BOOKMARK [2][-]{subsection.5.8.2}{\376\377\000C\000o\000n\000s\000t\000r\000u\000c\000t\000o\000r\000\040\000\046\000\040\000D\000e\000s\000t\000r\000u\000c\000t\000o\000r\000\040\000D\000o\000c\000u\000m\000e\000n\000t\000a\000t\000i\000o\000n}{section.5.8}% 43
\BOOKMARK [3][-]{subsubsection.5.8.2.1}{\376\377\000M\000a\000r\000k\000o\000v\000P\000r\000o\000c\000e\000s\000s}{subsection.5.8.2}% 44
\BOOKMARK [2][-]{subsection.5.8.3}{\376\377\000M\000e\000m\000b\000e\000r\000\040\000F\000u\000n\000c\000t\000i\000o\000n\000\040\000D\000o\000c\000u\000m\000e\000n\000t\000a\000t\000i\000o\000n}{section.5.8}% 45
\BOOKMARK [3][-]{subsubsection.5.8.3.1}{\376\377\000c\000o\000m\000p\000u\000t\000e\000S\000t\000a\000t\000i\000o\000n\000a\000r\000y\000D\000i\000s\000t\000r\000i\000b\000u\000t\000i\000o\000n}{subsection.5.8.3}% 46
\BOOKMARK [3][-]{subsubsection.5.8.3.2}{\376\377\000c\000o\000m\000p\000u\000t\000e\000T\000r\000a\000j\000e\000c\000t\000o\000r\000y}{subsection.5.8.3}% 47
\BOOKMARK [3][-]{subsubsection.5.8.3.3}{\376\377\000s\000e\000t\000D\000i\000s\000t\000r\000i\000b\000u\000t\000i\000o\000n}{subsection.5.8.3}% 48
\BOOKMARK [3][-]{subsubsection.5.8.3.4}{\376\377\000s\000e\000t\000T\000r\000a\000n\000s\000i\000t\000i\000o\000n}{subsection.5.8.3}% 49
\BOOKMARK [3][-]{subsubsection.5.8.3.5}{\376\377\000s\000e\000t\000T\000r\000a\000n\000s\000i\000t\000i\000o\000n}{subsection.5.8.3}% 50
\BOOKMARK [2][-]{subsection.5.8.4}{\376\377\000M\000e\000m\000b\000e\000r\000\040\000D\000a\000t\000a\000\040\000D\000o\000c\000u\000m\000e\000n\000t\000a\000t\000i\000o\000n}{section.5.8}% 51
\BOOKMARK [3][-]{subsubsection.5.8.4.1}{\376\377\000d\000i\000s\000t\000r\000i\000b\000u\000t\000i\000o\000n}{subsection.5.8.4}% 52
\BOOKMARK [3][-]{subsubsection.5.8.4.2}{\376\377\000d\000i\000s\000t\000r\000i\000b\000u\000t\000i\000o\000n\000s}{subsection.5.8.4}% 53
\BOOKMARK [3][-]{subsubsection.5.8.4.3}{\376\377\000l\000a\000s\000t\000D\000e\000l\000a\000y}{subsection.5.8.4}% 54
\BOOKMARK [3][-]{subsubsection.5.8.4.4}{\376\377\000l\000a\000s\000t\000T\000i\000m\000e}{subsection.5.8.4}% 55
\BOOKMARK [3][-]{subsubsection.5.8.4.5}{\376\377\000s\000i\000z\000e}{subsection.5.8.4}% 56
\BOOKMARK [3][-]{subsubsection.5.8.4.6}{\376\377\000t\000r\000a\000n\000s\000i\000t\000i\000o\000n}{subsection.5.8.4}% 57
\BOOKMARK [3][-]{subsubsection.5.8.4.7}{\376\377\000t\000r\000a\000n\000s\000i\000t\000i\000o\000n\000s}{subsection.5.8.4}% 58
\BOOKMARK [1][-]{section.5.9}{\376\377\000M\000a\000r\000k\000o\000v\000T\000r\000a\000j\000e\000c\000t\000o\000r\000y\000\040\000C\000l\000a\000s\000s\000\040\000R\000e\000f\000e\000r\000e\000n\000c\000e}{chapter.5}% 59
\BOOKMARK [1][-]{section.5.10}{\376\377\000M\000i\000c\000r\000o\000V\000o\000t\000e\000r\000M\000e\000a\000s\000u\000r\000e\000m\000e\000n\000t\000\040\000C\000l\000a\000s\000s\000\040\000R\000e\000f\000e\000r\000e\000n\000c\000e}{chapter.5}% 60
\BOOKMARK [2][-]{subsection.5.10.1}{\376\377\000D\000e\000t\000a\000i\000l\000e\000d\000\040\000D\000e\000s\000c\000r\000i\000p\000t\000i\000o\000n}{section.5.10}% 61
\BOOKMARK [2][-]{subsection.5.10.2}{\376\377\000C\000o\000n\000s\000t\000r\000u\000c\000t\000o\000r\000\040\000\046\000\040\000D\000e\000s\000t\000r\000u\000c\000t\000o\000r\000\040\000D\000o\000c\000u\000m\000e\000n\000t\000a\000t\000i\000o\000n}{section.5.10}% 62
\BOOKMARK [3][-]{subsubsection.5.10.2.1}{\376\377\000M\000i\000c\000r\000o\000V\000o\000t\000e\000r\000M\000e\000a\000s\000u\000r\000e\000m\000e\000n\000t}{subsection.5.10.2}% 63
\BOOKMARK [1][-]{section.5.11}{\376\377\000O\000r\000d\000e\000r\000e\000d\000P\000a\000r\000t\000i\000t\000i\000o\000n\000\040\000C\000l\000a\000s\000s\000\040\000R\000e\000f\000e\000r\000e\000n\000c\000e}{chapter.5}% 64
\BOOKMARK [1][-]{section.5.12}{\376\377\000P\000a\000r\000t\000\040\000C\000l\000a\000s\000s\000\040\000R\000e\000f\000e\000r\000e\000n\000c\000e}{chapter.5}% 65
\BOOKMARK [2][-]{subsection.5.12.1}{\376\377\000D\000e\000t\000a\000i\000l\000e\000d\000\040\000D\000e\000s\000c\000r\000i\000p\000t\000i\000o\000n}{section.5.12}% 66
\BOOKMARK [2][-]{subsection.5.12.2}{\376\377\000C\000o\000n\000s\000t\000r\000u\000c\000t\000o\000r\000\040\000\046\000\040\000D\000e\000s\000t\000r\000u\000c\000t\000o\000r\000\040\000D\000o\000c\000u\000m\000e\000n\000t\000a\000t\000i\000o\000n}{section.5.12}% 67
\BOOKMARK [3][-]{subsubsection.5.12.2.1}{\376\377\000P\000a\000r\000t}{subsection.5.12.2}% 68
\BOOKMARK [1][-]{section.5.13}{\376\377\000P\000a\000r\000t\000i\000t\000i\000o\000n\000\040\000C\000l\000a\000s\000s\000\040\000R\000e\000f\000e\000r\000e\000n\000c\000e}{chapter.5}% 69
\BOOKMARK [2][-]{subsection.5.13.1}{\376\377\000D\000e\000t\000a\000i\000l\000e\000d\000\040\000D\000e\000s\000c\000r\000i\000p\000t\000i\000o\000n}{section.5.13}% 70
\BOOKMARK [1][-]{section.5.14}{\376\377\000T\000i\000m\000e\000r\000\040\000C\000l\000a\000s\000s\000\040\000R\000e\000f\000e\000r\000e\000n\000c\000e}{chapter.5}% 71
\BOOKMARK [2][-]{subsection.5.14.1}{\376\377\000D\000e\000t\000a\000i\000l\000e\000d\000\040\000D\000e\000s\000c\000r\000i\000p\000t\000i\000o\000n}{section.5.14}% 72
\BOOKMARK [1][-]{section.5.15}{\376\377\000T\000w\000o\000C\000o\000m\000m\000u\000n\000i\000t\000i\000e\000s\000E\000x\000p\000e\000r\000i\000m\000e\000n\000t\000\040\000C\000l\000a\000s\000s\000\040\000R\000e\000f\000e\000r\000e\000n\000c\000e}{chapter.5}% 73
\BOOKMARK [2][-]{subsection.5.15.1}{\376\377\000D\000e\000t\000a\000i\000l\000e\000d\000\040\000D\000e\000s\000c\000r\000i\000p\000t\000i\000o\000n}{section.5.15}% 74
\BOOKMARK [2][-]{subsection.5.15.2}{\376\377\000C\000o\000n\000s\000t\000r\000u\000c\000t\000o\000r\000\040\000\046\000\040\000D\000e\000s\000t\000r\000u\000c\000t\000o\000r\000\040\000D\000o\000c\000u\000m\000e\000n\000t\000a\000t\000i\000o\000n}{section.5.15}% 75
\BOOKMARK [3][-]{subsubsection.5.15.2.1}{\376\377\000T\000w\000o\000C\000o\000m\000m\000u\000n\000i\000t\000i\000e\000s\000E\000x\000p\000e\000r\000i\000m\000e\000n\000t}{subsection.5.15.2}% 76
\BOOKMARK [2][-]{subsection.5.15.3}{\376\377\000M\000e\000m\000b\000e\000r\000\040\000D\000a\000t\000a\000\040\000D\000o\000c\000u\000m\000e\000n\000t\000a\000t\000i\000o\000n}{section.5.15}% 77
\BOOKMARK [3][-]{subsubsection.5.15.3.1}{\376\377\000c\000o\000m\000p\000a\000c\000t\000M\000o\000d\000e\000l}{subsection.5.15.3}% 78
\BOOKMARK [3][-]{subsubsection.5.15.3.2}{\376\377\000c\000o\000n\000t\000r\000a\000r\000i\000a\000n\0001\000M\000a\000x}{subsection.5.15.3}% 79
\BOOKMARK [3][-]{subsubsection.5.15.3.3}{\376\377\000c\000o\000n\000t\000r\000a\000r\000i\000a\000n\0001\000M\000i\000n}{subsection.5.15.3}% 80
\BOOKMARK [3][-]{subsubsection.5.15.3.4}{\376\377\000c\000o\000n\000t\000r\000a\000r\000i\000a\000n\0001\000S\000t\000e\000p}{subsection.5.15.3}% 81
\BOOKMARK [3][-]{subsubsection.5.15.3.5}{\376\377\000c\000o\000n\000t\000r\000a\000r\000i\000a\000n\0002\000M\000a\000x}{subsection.5.15.3}% 82
\BOOKMARK [3][-]{subsubsection.5.15.3.6}{\376\377\000c\000o\000n\000t\000r\000a\000r\000i\000a\000n\0002\000M\000i\000n}{subsection.5.15.3}% 83
\BOOKMARK [3][-]{subsubsection.5.15.3.7}{\376\377\000c\000o\000n\000t\000r\000a\000r\000i\000a\000n\0002\000S\000t\000e\000p}{subsection.5.15.3}% 84
\BOOKMARK [3][-]{subsubsection.5.15.3.8}{\376\377\000d\000e\000l\000a\000y\000M\000a\000x}{subsection.5.15.3}% 85
\BOOKMARK [3][-]{subsubsection.5.15.3.9}{\376\377\000d\000e\000l\000a\000y\000M\000i\000n}{subsection.5.15.3}% 86
\BOOKMARK [3][-]{subsubsection.5.15.3.10}{\376\377\000d\000e\000l\000a\000y\000S\000t\000e\000p}{subsection.5.15.3}% 87
\BOOKMARK [3][-]{subsubsection.5.15.3.11}{\376\377\000e\000q\000u\000a\000l\000C\000o\000n\000t\000r\000a\000r\000i\000a\000n}{subsection.5.15.3}% 88
\BOOKMARK [3][-]{subsubsection.5.15.3.12}{\376\377\000e\000q\000u\000a\000l\000I\000n\000t\000e\000r\000R\000a\000t\000e}{subsection.5.15.3}% 89
\BOOKMARK [3][-]{subsubsection.5.15.3.13}{\376\377\000e\000q\000u\000a\000l\000I\000n\000t\000r\000a\000R\000a\000t\000e}{subsection.5.15.3}% 90
\BOOKMARK [3][-]{subsubsection.5.15.3.14}{\376\377\000e\000q\000u\000a\000l\000S\000i\000z\000e}{subsection.5.15.3}% 91
\BOOKMARK [3][-]{subsubsection.5.15.3.15}{\376\377\000i\000d}{subsection.5.15.3}% 92
\BOOKMARK [3][-]{subsubsection.5.15.3.16}{\376\377\000i\000d\000\137\000n\000u\000m\000b\000e\000r}{subsection.5.15.3}% 93
\BOOKMARK [3][-]{subsubsection.5.15.3.17}{\376\377\000i\000n\000t\000e\000r\000R\0001\000M\000a\000x}{subsection.5.15.3}% 94
\BOOKMARK [3][-]{subsubsection.5.15.3.18}{\376\377\000i\000n\000t\000e\000r\000R\0001\000M\000i\000n}{subsection.5.15.3}% 95
\BOOKMARK [3][-]{subsubsection.5.15.3.19}{\376\377\000i\000n\000t\000e\000r\000R\0001\000S\000t\000e\000p}{subsection.5.15.3}% 96
\BOOKMARK [3][-]{subsubsection.5.15.3.20}{\376\377\000i\000n\000t\000e\000r\000R\0002\000M\000a\000x}{subsection.5.15.3}% 97
\BOOKMARK [3][-]{subsubsection.5.15.3.21}{\376\377\000i\000n\000t\000e\000r\000R\0002\000M\000i\000n}{subsection.5.15.3}% 98
\BOOKMARK [3][-]{subsubsection.5.15.3.22}{\376\377\000i\000n\000t\000e\000r\000R\0002\000S\000t\000e\000p}{subsection.5.15.3}% 99
\BOOKMARK [3][-]{subsubsection.5.15.3.23}{\376\377\000i\000n\000t\000r\000a\000R\0001\000M\000a\000x}{subsection.5.15.3}% 100
\BOOKMARK [3][-]{subsubsection.5.15.3.24}{\376\377\000i\000n\000t\000r\000a\000R\0001\000M\000i\000n}{subsection.5.15.3}% 101
\BOOKMARK [3][-]{subsubsection.5.15.3.25}{\376\377\000i\000n\000t\000r\000a\000R\0001\000S\000t\000e\000p}{subsection.5.15.3}% 102
\BOOKMARK [3][-]{subsubsection.5.15.3.26}{\376\377\000i\000n\000t\000r\000a\000R\0002\000M\000a\000x}{subsection.5.15.3}% 103
\BOOKMARK [3][-]{subsubsection.5.15.3.27}{\376\377\000i\000n\000t\000r\000a\000R\0002\000M\000i\000n}{subsection.5.15.3}% 104
\BOOKMARK [3][-]{subsubsection.5.15.3.28}{\376\377\000i\000n\000t\000r\000a\000R\0002\000S\000t\000e\000p}{subsection.5.15.3}% 105
\BOOKMARK [3][-]{subsubsection.5.15.3.29}{\376\377\000o\000p\000p\000o\000s\000i\000t\000e\000I\000n\000t\000e\000r\000R\000a\000t\000e}{subsection.5.15.3}% 106
\BOOKMARK [3][-]{subsubsection.5.15.3.30}{\376\377\000p\000o\000s\000t\000M\000e\000a\000s\000u\000r\000e\000m\000e\000n\000t\000s}{subsection.5.15.3}% 107
\BOOKMARK [3][-]{subsubsection.5.15.3.31}{\376\377\000p\000r\000e\000M\000e\000a\000s\000u\000r\000e\000m\000e\000n\000t\000s}{subsection.5.15.3}% 108
\BOOKMARK [3][-]{subsubsection.5.15.3.32}{\376\377\000s\000i\000z\000e\0001\000M\000a\000x}{subsection.5.15.3}% 109
\BOOKMARK [3][-]{subsubsection.5.15.3.33}{\376\377\000s\000i\000z\000e\0001\000M\000i\000n}{subsection.5.15.3}% 110
\BOOKMARK [3][-]{subsubsection.5.15.3.34}{\376\377\000s\000i\000z\000e\0001\000S\000t\000e\000p}{subsection.5.15.3}% 111
\BOOKMARK [3][-]{subsubsection.5.15.3.35}{\376\377\000s\000i\000z\000e\0002\000M\000a\000x}{subsection.5.15.3}% 112
\BOOKMARK [3][-]{subsubsection.5.15.3.36}{\376\377\000s\000i\000z\000e\0002\000M\000i\000n}{subsection.5.15.3}% 113
\BOOKMARK [3][-]{subsubsection.5.15.3.37}{\376\377\000s\000i\000z\000e\0002\000S\000t\000e\000p}{subsection.5.15.3}% 114
\BOOKMARK [3][-]{subsubsection.5.15.3.38}{\376\377\000t\000h\000r\000e\000s\000h\000o\000l\000d}{subsection.5.15.3}% 115
\BOOKMARK [3][-]{subsubsection.5.15.3.39}{\376\377\000t\000i\000m\000e\000M\000a\000x}{subsection.5.15.3}% 116
\BOOKMARK [3][-]{subsubsection.5.15.3.40}{\376\377\000t\000i\000m\000e\000M\000i\000n}{subsection.5.15.3}% 117
\BOOKMARK [3][-]{subsubsection.5.15.3.41}{\376\377\000t\000i\000m\000e\000S\000t\000e\000p}{subsection.5.15.3}% 118
\BOOKMARK [3][-]{subsubsection.5.15.3.42}{\376\377\000u\000p\000d\000a\000t\000e}{subsection.5.15.3}% 119
\BOOKMARK [1][-]{section.5.16}{\376\377\000T\000w\000o\000C\000o\000m\000m\000u\000n\000i\000t\000i\000e\000s\000V\000o\000t\000e\000r\000G\000r\000a\000p\000h\000\040\000C\000l\000a\000s\000s\000\040\000R\000e\000f\000e\000r\000e\000n\000c\000e}{chapter.5}% 120
\BOOKMARK [2][-]{subsection.5.16.1}{\376\377\000D\000e\000t\000a\000i\000l\000e\000d\000\040\000D\000e\000s\000c\000r\000i\000p\000t\000i\000o\000n}{section.5.16}% 121
\BOOKMARK [2][-]{subsection.5.16.2}{\376\377\000C\000o\000n\000s\000t\000r\000u\000c\000t\000o\000r\000\040\000\046\000\040\000D\000e\000s\000t\000r\000u\000c\000t\000o\000r\000\040\000D\000o\000c\000u\000m\000e\000n\000t\000a\000t\000i\000o\000n}{section.5.16}% 122
\BOOKMARK [3][-]{subsubsection.5.16.2.1}{\376\377\000T\000w\000o\000C\000o\000m\000m\000u\000n\000i\000t\000i\000e\000s\000V\000o\000t\000e\000r\000G\000r\000a\000p\000h}{subsection.5.16.2}% 123
\BOOKMARK [2][-]{subsection.5.16.3}{\376\377\000M\000e\000m\000b\000e\000r\000\040\000F\000u\000n\000c\000t\000i\000o\000n\000\040\000D\000o\000c\000u\000m\000e\000n\000t\000a\000t\000i\000o\000n}{section.5.16}% 124
\BOOKMARK [3][-]{subsubsection.5.16.3.1}{\376\377\000g\000e\000t\000C\000o\000m\000p\000a\000c\000t\000M\000a\000r\000k\000o\000v\000P\000a\000r\000t\000i\000t\000i\000o\000n}{subsection.5.16.3}% 125
\BOOKMARK [3][-]{subsubsection.5.16.3.2}{\376\377\000g\000e\000t\000C\000o\000m\000p\000a\000c\000t\000M\000a\000r\000k\000o\000v\000P\000a\000r\000t\000i\000t\000i\000o\000n}{subsection.5.16.3}% 126
\BOOKMARK [3][-]{subsubsection.5.16.3.3}{\376\377\000g\000e\000t\000C\000o\000m\000p\000a\000c\000t\000M\000a\000r\000k\000o\000v\000P\000r\000o\000c\000e\000s\000s}{subsection.5.16.3}% 127
\BOOKMARK [2][-]{subsection.5.16.4}{\376\377\000M\000e\000m\000b\000e\000r\000\040\000D\000a\000t\000a\000\040\000D\000o\000c\000u\000m\000e\000n\000t\000a\000t\000i\000o\000n}{section.5.16}% 128
\BOOKMARK [3][-]{subsubsection.5.16.4.1}{\376\377\000c\000o\000m\000m\000u\000n\000i\000t\000y\0001}{subsection.5.16.4}% 129
\BOOKMARK [3][-]{subsubsection.5.16.4.2}{\376\377\000c\000o\000m\000m\000u\000n\000i\000t\000y\0002}{subsection.5.16.4}% 130
\BOOKMARK [3][-]{subsubsection.5.16.4.3}{\376\377\000c\000o\000n\000t\000r\000a\000r\000i\000a\000n\0001}{subsection.5.16.4}% 131
\BOOKMARK [3][-]{subsubsection.5.16.4.4}{\376\377\000c\000o\000n\000t\000r\000a\000r\000i\000a\000n\0002}{subsection.5.16.4}% 132
\BOOKMARK [3][-]{subsubsection.5.16.4.5}{\376\377\000i\000n\000t\000e\000r\000R\000a\000t\000e\0001}{subsection.5.16.4}% 133
\BOOKMARK [3][-]{subsubsection.5.16.4.6}{\376\377\000i\000n\000t\000e\000r\000R\000a\000t\000e\0002}{subsection.5.16.4}% 134
\BOOKMARK [3][-]{subsubsection.5.16.4.7}{\376\377\000i\000n\000t\000r\000a\000R\000a\000t\000e\0001}{subsection.5.16.4}% 135
\BOOKMARK [3][-]{subsubsection.5.16.4.8}{\376\377\000i\000n\000t\000r\000a\000R\000a\000t\000e\0002}{subsection.5.16.4}% 136
\BOOKMARK [3][-]{subsubsection.5.16.4.9}{\376\377\000s\000i\000z\000e\0001}{subsection.5.16.4}% 137
\BOOKMARK [3][-]{subsubsection.5.16.4.10}{\376\377\000s\000i\000z\000e\0002}{subsection.5.16.4}% 138
\BOOKMARK [1][-]{section.5.17}{\376\377\000V\000o\000t\000e\000r\000B\000i\000n\000n\000i\000n\000g\000\040\000C\000l\000a\000s\000s\000\040\000R\000e\000f\000e\000r\000e\000n\000c\000e}{chapter.5}% 139
\BOOKMARK [1][-]{section.5.18}{\376\377\000V\000o\000t\000e\000r\000D\000a\000t\000a\000S\000e\000t\000\040\000C\000l\000a\000s\000s\000\040\000R\000e\000f\000e\000r\000e\000n\000c\000e}{chapter.5}% 140
\BOOKMARK [1][-]{section.5.19}{\376\377\000V\000o\000t\000e\000r\000E\000d\000g\000e\000\040\000C\000l\000a\000s\000s\000\040\000R\000e\000f\000e\000r\000e\000n\000c\000e}{chapter.5}% 141
\BOOKMARK [2][-]{subsection.5.19.1}{\376\377\000D\000e\000t\000a\000i\000l\000e\000d\000\040\000D\000e\000s\000c\000r\000i\000p\000t\000i\000o\000n}{section.5.19}% 142
\BOOKMARK [2][-]{subsection.5.19.2}{\376\377\000C\000o\000n\000s\000t\000r\000u\000c\000t\000o\000r\000\040\000\046\000\040\000D\000e\000s\000t\000r\000u\000c\000t\000o\000r\000\040\000D\000o\000c\000u\000m\000e\000n\000t\000a\000t\000i\000o\000n}{section.5.19}% 143
\BOOKMARK [3][-]{subsubsection.5.19.2.1}{\376\377\000V\000o\000t\000e\000r\000E\000d\000g\000e}{subsection.5.19.2}% 144
\BOOKMARK [2][-]{subsection.5.19.3}{\376\377\000M\000e\000m\000b\000e\000r\000\040\000D\000a\000t\000a\000\040\000D\000o\000c\000u\000m\000e\000n\000t\000a\000t\000i\000o\000n}{section.5.19}% 145
\BOOKMARK [3][-]{subsubsection.5.19.3.1}{\376\377\000n\000o\000d\000e\0001}{subsection.5.19.3}% 146
\BOOKMARK [3][-]{subsubsection.5.19.3.2}{\376\377\000n\000o\000d\000e\0002}{subsection.5.19.3}% 147
\BOOKMARK [3][-]{subsubsection.5.19.3.3}{\376\377\000w\000e\000i\000g\000h\000t}{subsection.5.19.3}% 148
\BOOKMARK [1][-]{section.5.20}{\376\377\000V\000o\000t\000e\000r\000G\000r\000a\000p\000h\000\040\000C\000l\000a\000s\000s\000\040\000R\000e\000f\000e\000r\000e\000n\000c\000e}{chapter.5}% 149
\BOOKMARK [2][-]{subsection.5.20.1}{\376\377\000D\000e\000t\000a\000i\000l\000e\000d\000\040\000D\000e\000s\000c\000r\000i\000p\000t\000i\000o\000n}{section.5.20}% 150
\BOOKMARK [2][-]{subsection.5.20.2}{\376\377\000C\000o\000n\000s\000t\000r\000u\000c\000t\000o\000r\000\040\000\046\000\040\000D\000e\000s\000t\000r\000u\000c\000t\000o\000r\000\040\000D\000o\000c\000u\000m\000e\000n\000t\000a\000t\000i\000o\000n}{section.5.20}% 151
\BOOKMARK [3][-]{subsubsection.5.20.2.1}{\376\377\000V\000o\000t\000e\000r\000G\000r\000a\000p\000h}{subsection.5.20.2}% 152
\BOOKMARK [2][-]{subsection.5.20.3}{\376\377\000M\000e\000m\000b\000e\000r\000\040\000F\000u\000n\000c\000t\000i\000o\000n\000\040\000D\000o\000c\000u\000m\000e\000n\000t\000a\000t\000i\000o\000n}{section.5.20}% 153
\BOOKMARK [3][-]{subsubsection.5.20.3.1}{\376\377\000a\000d\000d\000E\000d\000g\000e}{subsection.5.20.3}% 154
\BOOKMARK [3][-]{subsubsection.5.20.3.2}{\376\377\000a\000d\000d\000N\000o\000d\000e}{subsection.5.20.3}% 155
\BOOKMARK [3][-]{subsubsection.5.20.3.3}{\376\377\000g\000e\000t\000M\000a\000r\000k\000o\000v\000P\000a\000r\000t\000i\000t\000i\000o\000n}{subsection.5.20.3}% 156
\BOOKMARK [3][-]{subsubsection.5.20.3.4}{\376\377\000g\000e\000t\000M\000a\000r\000k\000o\000v\000P\000a\000r\000t\000i\000t\000i\000o\000n}{subsection.5.20.3}% 157
\BOOKMARK [3][-]{subsubsection.5.20.3.5}{\376\377\000g\000e\000t\000M\000a\000r\000k\000o\000v\000P\000r\000o\000c\000e\000s\000s}{subsection.5.20.3}% 158
\BOOKMARK [2][-]{subsection.5.20.4}{\376\377\000M\000e\000m\000b\000e\000r\000\040\000D\000a\000t\000a\000\040\000D\000o\000c\000u\000m\000e\000n\000t\000a\000t\000i\000o\000n}{section.5.20}% 159
\BOOKMARK [3][-]{subsubsection.5.20.4.1}{\376\377\000e\000d\000g\000e\000N\000u\000m\000b\000e\000r}{subsection.5.20.4}% 160
\BOOKMARK [3][-]{subsubsection.5.20.4.2}{\376\377\000e\000d\000g\000e\000S\000e\000t}{subsection.5.20.4}% 161
\BOOKMARK [3][-]{subsubsection.5.20.4.3}{\376\377\000e\000d\000g\000e\000W\000e\000i\000g\000h\000t}{subsection.5.20.4}% 162
\BOOKMARK [3][-]{subsubsection.5.20.4.4}{\376\377\000n\000o\000d\000e\000M\000a\000p}{subsection.5.20.4}% 163
\BOOKMARK [3][-]{subsubsection.5.20.4.5}{\376\377\000n\000o\000d\000e\000N\000u\000m\000b\000e\000r}{subsection.5.20.4}% 164
\BOOKMARK [3][-]{subsubsection.5.20.4.6}{\376\377\000n\000o\000d\000e\000S\000e\000t}{subsection.5.20.4}% 165
\BOOKMARK [3][-]{subsubsection.5.20.4.7}{\376\377\000n\000o\000d\000e\000W\000e\000i\000g\000h\000t}{subsection.5.20.4}% 166
\BOOKMARK [3][-]{subsubsection.5.20.4.8}{\376\377\000p\000r\000o\000c\000e\000s\000s}{subsection.5.20.4}% 167
\BOOKMARK [3][-]{subsubsection.5.20.4.9}{\376\377\000u\000p\000d\000a\000t\000e\000P\000r\000o\000c\000e\000s\000s}{subsection.5.20.4}% 168
\BOOKMARK [1][-]{section.5.21}{\376\377\000V\000o\000t\000e\000r\000M\000e\000a\000s\000u\000r\000e\000m\000e\000n\000t\000\040\000C\000l\000a\000s\000s\000\040\000R\000e\000f\000e\000r\000e\000n\000c\000e}{chapter.5}% 169
\BOOKMARK [2][-]{subsection.5.21.1}{\376\377\000D\000e\000t\000a\000i\000l\000e\000d\000\040\000D\000e\000s\000c\000r\000i\000p\000t\000i\000o\000n}{section.5.21}% 170
\BOOKMARK [2][-]{subsection.5.21.2}{\376\377\000C\000o\000n\000s\000t\000r\000u\000c\000t\000o\000r\000\040\000\046\000\040\000D\000e\000s\000t\000r\000u\000c\000t\000o\000r\000\040\000D\000o\000c\000u\000m\000e\000n\000t\000a\000t\000i\000o\000n}{section.5.21}% 171
\BOOKMARK [3][-]{subsubsection.5.21.2.1}{\376\377\000V\000o\000t\000e\000r\000M\000e\000a\000s\000u\000r\000e\000m\000e\000n\000t}{subsection.5.21.2}% 172
\BOOKMARK [2][-]{subsection.5.21.3}{\376\377\000M\000e\000m\000b\000e\000r\000\040\000F\000u\000n\000c\000t\000i\000o\000n\000\040\000D\000o\000c\000u\000m\000e\000n\000t\000a\000t\000i\000o\000n}{section.5.21}% 173
\BOOKMARK [3][-]{subsubsection.5.21.3.1}{\376\377\000a\000d\000d\000P\000r\000o\000b\000e}{subsection.5.21.3}% 174
\BOOKMARK [3][-]{subsubsection.5.21.3.2}{\376\377\000p\000r\000i\000n\000t}{subsection.5.21.3}% 175
\BOOKMARK [2][-]{subsection.5.21.4}{\376\377\000M\000e\000m\000b\000e\000r\000\040\000D\000a\000t\000a\000\040\000D\000o\000c\000u\000m\000e\000n\000t\000a\000t\000i\000o\000n}{section.5.21}% 176
\BOOKMARK [3][-]{subsubsection.5.21.4.1}{\376\377\000g\000r\000a\000p\000h}{subsection.5.21.4}% 177
\BOOKMARK [3][-]{subsubsection.5.21.4.2}{\376\377\000m\000e\000t\000r\000i\000c\000M\000a\000p}{subsection.5.21.4}% 178
\BOOKMARK [3][-]{subsubsection.5.21.4.3}{\376\377\000p\000a\000r\000t\000i\000t\000i\000o\000n}{subsection.5.21.4}% 179
\BOOKMARK [3][-]{subsubsection.5.21.4.4}{\376\377\000p\000r\000o\000b\000e\000M\000a\000p}{subsection.5.21.4}% 180
\BOOKMARK [3][-]{subsubsection.5.21.4.5}{\376\377\000p\000r\000o\000b\000e\000N\000u\000m\000b\000e\000r}{subsection.5.21.4}% 181
\BOOKMARK [3][-]{subsubsection.5.21.4.6}{\376\377\000t\000y\000p\000e}{subsection.5.21.4}% 182
\BOOKMARK [1][-]{section.5.22}{\376\377\000V\000o\000t\000e\000r\000M\000e\000a\000s\000u\000r\000e\000m\000e\000n\000t\000S\000t\000a\000t\000e\000\040\000C\000l\000a\000s\000s\000\040\000R\000e\000f\000e\000r\000e\000n\000c\000e}{chapter.5}% 183
\BOOKMARK [1][-]{section.5.23}{\376\377\000V\000o\000t\000e\000r\000M\000e\000a\000s\000u\000r\000e\000m\000e\000n\000t\000T\000r\000a\000j\000e\000c\000t\000o\000r\000y\000\040\000C\000l\000a\000s\000s\000\040\000R\000e\000f\000e\000r\000e\000n\000c\000e}{chapter.5}% 184
\BOOKMARK [1][-]{section.5.24}{\376\377\000V\000o\000t\000e\000r\000N\000o\000d\000e\000\040\000C\000l\000a\000s\000s\000\040\000R\000e\000f\000e\000r\000e\000n\000c\000e}{chapter.5}% 185
\BOOKMARK [2][-]{subsection.5.24.1}{\376\377\000D\000e\000t\000a\000i\000l\000e\000d\000\040\000D\000e\000s\000c\000r\000i\000p\000t\000i\000o\000n}{section.5.24}% 186
\BOOKMARK [2][-]{subsection.5.24.2}{\376\377\000C\000o\000n\000s\000t\000r\000u\000c\000t\000o\000r\000\040\000\046\000\040\000D\000e\000s\000t\000r\000u\000c\000t\000o\000r\000\040\000D\000o\000c\000u\000m\000e\000n\000t\000a\000t\000i\000o\000n}{section.5.24}% 187
\BOOKMARK [3][-]{subsubsection.5.24.2.1}{\376\377\000V\000o\000t\000e\000r\000N\000o\000d\000e}{subsection.5.24.2}% 188
\BOOKMARK [2][-]{subsection.5.24.3}{\376\377\000M\000e\000m\000b\000e\000r\000\040\000D\000a\000t\000a\000\040\000D\000o\000c\000u\000m\000e\000n\000t\000a\000t\000i\000o\000n}{section.5.24}% 189
\BOOKMARK [3][-]{subsubsection.5.24.3.1}{\376\377\000c\000o\000n\000t\000r\000a\000r\000i\000a\000n}{subsection.5.24.3}% 190
\BOOKMARK [3][-]{subsubsection.5.24.3.2}{\376\377\000i\000d}{subsection.5.24.3}% 191
\BOOKMARK [3][-]{subsubsection.5.24.3.3}{\376\377\000i\000n\000E\000d\000g\000e\000N\000u\000m\000b\000e\000r}{subsection.5.24.3}% 192
\BOOKMARK [3][-]{subsubsection.5.24.3.4}{\376\377\000i\000n\000E\000d\000g\000e\000S\000e\000t}{subsection.5.24.3}% 193
\BOOKMARK [3][-]{subsubsection.5.24.3.5}{\376\377\000i\000n\000E\000d\000g\000e\000W\000e\000i\000g\000h\000t}{subsection.5.24.3}% 194
\BOOKMARK [3][-]{subsubsection.5.24.3.6}{\376\377\000o\000u\000t\000E\000d\000g\000e\000N\000u\000m\000b\000e\000r}{subsection.5.24.3}% 195
\BOOKMARK [3][-]{subsubsection.5.24.3.7}{\376\377\000o\000u\000t\000E\000d\000g\000e\000S\000e\000t}{subsection.5.24.3}% 196
\BOOKMARK [3][-]{subsubsection.5.24.3.8}{\376\377\000o\000u\000t\000E\000d\000g\000e\000W\000e\000i\000g\000h\000t}{subsection.5.24.3}% 197
\BOOKMARK [3][-]{subsubsection.5.24.3.9}{\376\377\000w\000e\000i\000g\000h\000t}{subsection.5.24.3}% 198
\BOOKMARK [1][-]{section.5.25}{\376\377\000V\000o\000t\000e\000r\000P\000r\000o\000b\000e\000\040\000C\000l\000a\000s\000s\000\040\000R\000e\000f\000e\000r\000e\000n\000c\000e}{chapter.5}% 199
\BOOKMARK [2][-]{subsection.5.25.1}{\376\377\000D\000e\000t\000a\000i\000l\000e\000d\000\040\000D\000e\000s\000c\000r\000i\000p\000t\000i\000o\000n}{section.5.25}% 200
\BOOKMARK [2][-]{subsection.5.25.2}{\376\377\000C\000o\000n\000s\000t\000r\000u\000c\000t\000o\000r\000\040\000\046\000\040\000D\000e\000s\000t\000r\000u\000c\000t\000o\000r\000\040\000D\000o\000c\000u\000m\000e\000n\000t\000a\000t\000i\000o\000n}{section.5.25}% 201
\BOOKMARK [3][-]{subsubsection.5.25.2.1}{\376\377\000V\000o\000t\000e\000r\000P\000r\000o\000b\000e}{subsection.5.25.2}% 202
\BOOKMARK [2][-]{subsection.5.25.3}{\376\377\000M\000e\000m\000b\000e\000r\000\040\000F\000u\000n\000c\000t\000i\000o\000n\000\040\000D\000o\000c\000u\000m\000e\000n\000t\000a\000t\000i\000o\000n}{section.5.25}% 203
\BOOKMARK [3][-]{subsubsection.5.25.3.1}{\376\377\000a\000d\000d\000N\000o\000d\000e}{subsection.5.25.3}% 204
\BOOKMARK [3][-]{subsubsection.5.25.3.2}{\376\377\000a\000d\000d\000N\000o\000d\000e\000s}{subsection.5.25.3}% 205
\BOOKMARK [3][-]{subsubsection.5.25.3.3}{\376\377\000p\000r\000i\000n\000t}{subsection.5.25.3}% 206
\BOOKMARK [3][-]{subsubsection.5.25.3.4}{\376\377\000s\000e\000t\000N\000o\000d\000e\000S\000e\000t}{subsection.5.25.3}% 207
\BOOKMARK [2][-]{subsection.5.25.4}{\376\377\000M\000e\000m\000b\000e\000r\000\040\000D\000a\000t\000a\000\040\000D\000o\000c\000u\000m\000e\000n\000t\000a\000t\000i\000o\000n}{section.5.25}% 208
\BOOKMARK [3][-]{subsubsection.5.25.4.1}{\376\377\000g\000r\000a\000p\000h}{subsection.5.25.4}% 209
\BOOKMARK [3][-]{subsubsection.5.25.4.2}{\376\377\000n\000o\000d\000e\000N\000u\000m\000b\000e\000r}{subsection.5.25.4}% 210
\BOOKMARK [3][-]{subsubsection.5.25.4.3}{\376\377\000n\000o\000d\000e\000S\000e\000t}{subsection.5.25.4}% 211
\BOOKMARK [1][-]{section.5.26}{\376\377\000V\000o\000t\000e\000r\000S\000t\000a\000t\000e\000\040\000C\000l\000a\000s\000s\000\040\000R\000e\000f\000e\000r\000e\000n\000c\000e}{chapter.5}% 212
\BOOKMARK [1][-]{section.5.27}{\376\377\000V\000o\000t\000e\000r\000T\000r\000a\000j\000e\000c\000t\000o\000r\000y\000\040\000C\000l\000a\000s\000s\000\040\000R\000e\000f\000e\000r\000e\000n\000c\000e}{chapter.5}% 213
\BOOKMARK [0][-]{chapter.6}{\376\377\000F\000i\000l\000e\000\040\000D\000o\000c\000u\000m\000e\000n\000t\000a\000t\000i\000o\000n}{}% 214
\BOOKMARK [1][-]{section.6.1}{\376\377\000/\000h\000o\000m\000e\000/\000l\000a\000m\000a\000r\000c\000h\000e\000/\000p\000r\000o\000g\000r\000a\000m\000m\000i\000n\000g\000/\000m\000u\000l\000t\000i\000l\000e\000v\000e\000l\000\137\000p\000r\000e\000d\000i\000c\000t\000i\000o\000n\000/\000s\000r\000c\000/\000c\000s\000v\000\137\000t\000o\000o\000l\000s\000.\000h\000p\000p\000\040\000F\000i\000l\000e\000\040\000R\000e\000f\000e\000r\000e\000n\000c\000e}{chapter.6}% 215
\BOOKMARK [2][-]{subsection.6.1.1}{\376\377\000D\000e\000t\000a\000i\000l\000e\000d\000\040\000D\000e\000s\000c\000r\000i\000p\000t\000i\000o\000n}{section.6.1}% 216
\BOOKMARK [2][-]{subsection.6.1.2}{\376\377\000F\000u\000n\000c\000t\000i\000o\000n\000\040\000D\000o\000c\000u\000m\000e\000n\000t\000a\000t\000i\000o\000n}{section.6.1}% 217
\BOOKMARK [3][-]{subsubsection.6.1.2.1}{\376\377\000d\000e\000l\000e\000t\000e\000C\000S\000V}{subsection.6.1.2}% 218
\BOOKMARK [2][-]{subsection.6.1.3}{\376\377\000V\000a\000r\000i\000a\000b\000l\000e\000\040\000D\000o\000c\000u\000m\000e\000n\000t\000a\000t\000i\000o\000n}{section.6.1}% 219
\BOOKMARK [3][-]{subsubsection.6.1.3.1}{\376\377\000V\000E\000R\000B\000O\000S\000E}{subsection.6.1.3}% 220
\BOOKMARK [1][-]{section.6.2}{\376\377\000/\000h\000o\000m\000e\000/\000l\000a\000m\000a\000r\000c\000h\000e\000/\000p\000r\000o\000g\000r\000a\000m\000m\000i\000n\000g\000/\000m\000u\000l\000t\000i\000l\000e\000v\000e\000l\000\137\000p\000r\000e\000d\000i\000c\000t\000i\000o\000n\000/\000s\000r\000c\000/\000m\000a\000i\000n\000.\000h\000p\000p\000\040\000F\000i\000l\000e\000\040\000R\000e\000f\000e\000r\000e\000n\000c\000e}{chapter.6}% 221
\BOOKMARK [2][-]{subsection.6.2.1}{\376\377\000D\000e\000t\000a\000i\000l\000e\000d\000\040\000D\000e\000s\000c\000r\000i\000p\000t\000i\000o\000n}{section.6.2}% 222
\BOOKMARK [1][-]{section.6.3}{\376\377\000/\000h\000o\000m\000e\000/\000l\000a\000m\000a\000r\000c\000h\000e\000/\000p\000r\000o\000g\000r\000a\000m\000m\000i\000n\000g\000/\000m\000u\000l\000t\000i\000l\000e\000v\000e\000l\000\137\000p\000r\000e\000d\000i\000c\000t\000i\000o\000n\000/\000s\000r\000c\000/\000m\000a\000r\000k\000o\000v\000\137\000p\000r\000o\000c\000e\000s\000s\000.\000h\000p\000p\000\040\000F\000i\000l\000e\000\040\000R\000e\000f\000e\000r\000e\000n\000c\000e}{chapter.6}% 223
\BOOKMARK [2][-]{subsection.6.3.1}{\376\377\000D\000e\000t\000a\000i\000l\000e\000d\000\040\000D\000e\000s\000c\000r\000i\000p\000t\000i\000o\000n}{section.6.3}% 224
\BOOKMARK [1][-]{section.6.4}{\376\377\000/\000h\000o\000m\000e\000/\000l\000a\000m\000a\000r\000c\000h\000e\000/\000p\000r\000o\000g\000r\000a\000m\000m\000i\000n\000g\000/\000m\000u\000l\000t\000i\000l\000e\000v\000e\000l\000\137\000p\000r\000e\000d\000i\000c\000t\000i\000o\000n\000/\000s\000r\000c\000/\000p\000a\000r\000t\000i\000t\000i\000o\000n\000.\000h\000p\000p\000\040\000F\000i\000l\000e\000\040\000R\000e\000f\000e\000r\000e\000n\000c\000e}{chapter.6}% 225
\BOOKMARK [2][-]{subsection.6.4.1}{\376\377\000D\000e\000t\000a\000i\000l\000e\000d\000\040\000D\000e\000s\000c\000r\000i\000p\000t\000i\000o\000n}{section.6.4}% 226
\BOOKMARK [1][-]{section.6.5}{\376\377\000/\000h\000o\000m\000e\000/\000l\000a\000m\000a\000r\000c\000h\000e\000/\000p\000r\000o\000g\000r\000a\000m\000m\000i\000n\000g\000/\000m\000u\000l\000t\000i\000l\000e\000v\000e\000l\000\137\000p\000r\000e\000d\000i\000c\000t\000i\000o\000n\000/\000s\000r\000c\000/\000t\000i\000m\000e\000r\000.\000h\000p\000p\000\040\000F\000i\000l\000e\000\040\000R\000e\000f\000e\000r\000e\000n\000c\000e}{chapter.6}% 227
\BOOKMARK [2][-]{subsection.6.5.1}{\376\377\000D\000e\000t\000a\000i\000l\000e\000d\000\040\000D\000e\000s\000c\000r\000i\000p\000t\000i\000o\000n}{section.6.5}% 228
\BOOKMARK [1][-]{section.6.6}{\376\377\000/\000h\000o\000m\000e\000/\000l\000a\000m\000a\000r\000c\000h\000e\000/\000p\000r\000o\000g\000r\000a\000m\000m\000i\000n\000g\000/\000m\000u\000l\000t\000i\000l\000e\000v\000e\000l\000\137\000p\000r\000e\000d\000i\000c\000t\000i\000o\000n\000/\000s\000r\000c\000/\000v\000o\000t\000e\000r\000\137\000e\000x\000p\000e\000r\000i\000m\000e\000n\000t\000.\000h\000p\000p\000\040\000F\000i\000l\000e\000\040\000R\000e\000f\000e\000r\000e\000n\000c\000e}{chapter.6}% 229
\BOOKMARK [2][-]{subsection.6.6.1}{\376\377\000D\000e\000t\000a\000i\000l\000e\000d\000\040\000D\000e\000s\000c\000r\000i\000p\000t\000i\000o\000n}{section.6.6}% 230
\BOOKMARK [2][-]{subsection.6.6.2}{\376\377\000F\000u\000n\000c\000t\000i\000o\000n\000\040\000D\000o\000c\000u\000m\000e\000n\000t\000a\000t\000i\000o\000n}{section.6.6}% 231
\BOOKMARK [3][-]{subsubsection.6.6.2.1}{\376\377\000t\000w\000o\000C\000o\000m\000m\000u\000n\000i\000t\000i\000e\000s\000E\000x\000p\000e\000r\000i\000m\000e\000n\000t}{subsection.6.6.2}% 232
\BOOKMARK [1][-]{section.6.7}{\376\377\000/\000h\000o\000m\000e\000/\000l\000a\000m\000a\000r\000c\000h\000e\000/\000p\000r\000o\000g\000r\000a\000m\000m\000i\000n\000g\000/\000m\000u\000l\000t\000i\000l\000e\000v\000e\000l\000\137\000p\000r\000e\000d\000i\000c\000t\000i\000o\000n\000/\000s\000r\000c\000/\000v\000o\000t\000e\000r\000\137\000g\000r\000a\000p\000h\000.\000h\000p\000p\000\040\000F\000i\000l\000e\000\040\000R\000e\000f\000e\000r\000e\000n\000c\000e}{chapter.6}% 233
\BOOKMARK [2][-]{subsection.6.7.1}{\376\377\000D\000e\000t\000a\000i\000l\000e\000d\000\040\000D\000e\000s\000c\000r\000i\000p\000t\000i\000o\000n}{section.6.7}% 234
\BOOKMARK [2][-]{subsection.6.7.2}{\376\377\000E\000n\000u\000m\000e\000r\000a\000t\000i\000o\000n\000\040\000T\000y\000p\000e\000\040\000D\000o\000c\000u\000m\000e\000n\000t\000a\000t\000i\000o\000n}{section.6.7}% 235
\BOOKMARK [3][-]{subsubsection.6.7.2.1}{\376\377\000M\000e\000a\000s\000u\000r\000e\000m\000e\000n\000t\000T\000y\000p\000e}{subsection.6.7.2}% 236
\BOOKMARK [3][-]{subsubsection.6.7.2.2}{\376\377\000U\000p\000d\000a\000t\000e\000P\000r\000o\000c\000e\000s\000s}{subsection.6.7.2}% 237
\BOOKMARK [3][-]{subsubsection.6.7.2.3}{\376\377\000V\000o\000t\000e\000r\000M\000e\000t\000r\000i\000c}{subsection.6.7.2}% 238
\BOOKMARK [0][-]{section*.72}{\376\377\000I\000n\000d\000e\000x}{}% 239
